<?xml version="1.0" encoding="UTF-8"?>
<testsuite xmlns:xsi="http://www.w3.org/2001/XMLSchema-instance" xsi:noNamespaceSchemaLocation="https://maven.apache.org/surefire/maven-surefire-plugin/xsd/surefire-test-report-3.0.xsd" version="3.0" name="stepdefs.TestRunner" time="1.294" tests="6" errors="0" skipped="0" failures="0">
  <properties>
[...]
</properties>
  <testcase name="To add two numbers and validate the results are coming fine using parameter" classname="This feature will allow you do to all the calculator operations using parameters" time="0.431">
    <system-out><![CDATA[
@Calculator
Scenario Outline: To add two numbers and validate the results are coming fine using parameter # src/test/java/features/NewCalculator.feature:11
  Given I have two numbers 5 and 7                                                            # stepdefs.CalculatorStepDef.i_have_two_numbers_and(int,int)
  When I add those two numbers                                                                # stepdefs.CalculatorStepDef.i_add_those_two_numbers()
  Then I should get the result as 12                                                          # stepdefs.CalculatorStepDef.i_should_get_the_result_as(int)
]]></system-out>
    <system-err><![CDATA[May 20, 2023 12:44:32 PM io.cucumber.junit.Cucumber <init>
WARNING: By default Cucumber is running in --non-strict mode.
This default will change to --strict and --non-strict will be removed.
You can use --strict or @CucumberOptions(strict = true) to suppress this warning
]]></system-err>
  </testcase>
  <testcase name="To add two numbers and validate the results are coming fine using parameter" classname="This feature will allow you do to all the calculator operations using parameters" time="0.013">
    <system-out><![CDATA[
@Calculator
Scenario Outline: To add two numbers and validate the results are coming fine using parameter # src/test/java/features/NewCalculator.feature:12
  Given I have two numbers 4 and 4                                                            # stepdefs.CalculatorStepDef.i_have_two_numbers_and(int,int)
  When I add those two numbers                                                                # stepdefs.CalculatorStepDef.i_add_those_two_numbers()
  Then I should get the result as 8                                                           # stepdefs.CalculatorStepDef.i_should_get_the_result_as(int)
]]></system-out>
  </testcase>
  <testcase name="To add two numbers and validate the results are coming fine using parameter" classname="This feature will allow you do to all the calculator operations using parameters" time="0.018">
    <system-out><![CDATA[
@Calculator
Scenario Outline: To add two numbers and validate the results are coming fine using parameter # src/test/java/features/NewCalculator.feature:13
  Given I have two numbers 15 and 12                                                          # stepdefs.CalculatorStepDef.i_have_two_numbers_and(int,int)
  When I add those two numbers                                                                # stepdefs.CalculatorStepDef.i_add_those_two_numbers()
  Then I should get the result as 27                                                          # stepdefs.CalculatorStepDef.i_should_get_the_result_as(int)
]]></system-out>
  </testcase>
  <testcase name="This scenario will validate addition of multiple numbers" classname="This feature will allow you do to all the calculator operations using parameters" time="0.033">
    <system-out><![CDATA[
@Calculator
Scenario: This scenario will validate addition of multiple numbers # src/test/java/features/NewCalculator.feature:15
  Given I have below numbers                                       # stepdefs.CalculatorStepDef.i_have_below_numbers(java.util.List<java.lang.Integer>)
  When I add those numbers                                         # stepdefs.CalculatorStepDef.i_add_those_numbers()
  Then I should get the result as 24                               # stepdefs.CalculatorStepDef.i_should_get_the_result_as(int)
]]></system-out>
  </testcase>
  <testcase name="To calculate the total bill amount" classname="This feature will allow you do to all the calculator operations using parameters" time="0.025">
    <system-out><![CDATA[
@Calculator
Scenario: To calculate the total bill amount # src/test/java/features/NewCalculator.feature:25
  Given I want to buy below items            # stepdefs.NewCalculatorStepDef.i_want_to_buy_below_items(java.util.Map<java.lang.String, java.lang.Integer>)
  When I purchase them                       # stepdefs.NewCalculatorStepDef.i_purchase_them()
  Then I should get the bill amount as 70    # stepdefs.NewCalculatorStepDef.i_should_get_the_bill_amount_as(int)
]]></system-out>
  </testcase>
  <testcase name="To calculate the total bill amount using quantity" classname="This feature will allow you do to all the calculator operations using parameters" time="0.016">
    <system-out><![CDATA[
@Calculator
Scenario: To calculate the total bill amount using quantity # src/test/java/features/NewCalculator.feature:32
  Given I want to buy below items in given quantity         # stepdefs.NewCalculatorStepDef.i_want_to_buy_below_items_in_given_quantity(io.cucumber.datatable.DataTable)
  Then I should get the bill amount as 205                  # stepdefs.NewCalculatorStepDef.i_should_get_the_bill_amount_as(int)
]]></system-out>
  </testcase>
</testsuite>